\BOOKMARK [0][-]{Doc-Start}{\376\377\000T\000i\000t\000l\000e\000\040\000P\000a\000g\000e}{}% 1
\BOOKMARK [0][-]{Doc-Start}{\376\377\000A\000u\000t\000h\000o\000r\000i\000z\000a\000t\000i\000o\000n\000\040\000P\000a\000g\000e}{}% 2
\BOOKMARK [0][-]{figure.caption.1}{\376\377\000S\000i\000g\000n\000a\000t\000u\000r\000e\000\040\000P\000a\000g\000e}{}% 3
\BOOKMARK [0][-]{figure.caption.1}{\376\377\000A\000c\000k\000n\000o\000w\000l\000e\000d\000g\000m\000e\000n\000t\000s}{}% 4
\BOOKMARK [0][-]{figure.caption.1}{\376\377\000T\000a\000b\000l\000e\000\040\000o\000f\000\040\000C\000o\000n\000t\000e\000n\000t\000s}{}% 5
\BOOKMARK [0][-]{chapter*.2}{\376\377\000L\000i\000s\000t\000\040\000o\000f\000\040\000F\000i\000g\000u\000r\000e\000s}{}% 6
\BOOKMARK [0][-]{chapter*.3}{\376\377\000L\000i\000s\000t\000\040\000o\000f\000\040\000T\000a\000b\000l\000e\000s}{}% 7
\BOOKMARK [0][-]{chapter*.4}{\376\377\000A\000b\000b\000r\000e\000v\000i\000a\000t\000i\000o\000n\000s}{}% 8
\BOOKMARK [0][-]{chapter*.4}{\376\377\000A\000b\000s\000t\000r\000a\000c\000t}{}% 9
\BOOKMARK [0][-]{chapter.1}{\376\377\000I\000n\000t\000r\000o\000d\000u\000c\000t\000i\000o\000n}{}% 10
\BOOKMARK [1][-]{section.1.1}{\376\377\000`\000F\000i\000r\000s\000t\000\040\000p\000a\000r\000t\000'}{chapter.1}% 11
\BOOKMARK [1][-]{section.1.2}{\376\377\000`\000S\000e\000c\000o\000n\000d\000\040\000p\000a\000r\000t\000'}{chapter.1}% 12
\BOOKMARK [1][-]{section.1.3}{\376\377\000`\000T\000h\000i\000r\000d\000\040\000p\000a\000r\000t\000'}{chapter.1}% 13
\BOOKMARK [1][-]{section.1.4}{\376\377\000T\000h\000e\000s\000i\000s\000\040\000C\000o\000n\000t\000r\000i\000b\000u\000t\000i\000o\000n\000s}{chapter.1}% 14
\BOOKMARK [0][-]{chapter.2}{\376\377\000T\000h\000e\000o\000r\000y\000\040\000a\000n\000d\000\040\000M\000e\000t\000h\000o\000d\000s}{}% 15
\BOOKMARK [1][-]{section.2.1}{\376\377\000`\0001\000s\000t\000\040\000s\000e\000c\000t\000i\000o\000n\000'}{chapter.2}% 16
\BOOKMARK [2][-]{subsection.2.1.1}{\376\377\000'\0001\000s\000t\000\040\000S\000u\000b\000s\000e\000c\000t\000i\000o\000n\000'}{section.2.1}% 17
\BOOKMARK [2][-]{subsection.2.1.2}{\376\377\000`\0002\000n\000d\000\040\000S\000u\000b\000s\000e\000c\000t\000i\000o\000n\000'}{section.2.1}% 18
\BOOKMARK [0][-]{chapter.3}{\376\377\000F\000i\000r\000s\000t\000\040\000P\000r\000o\000j\000e\000c\000t}{}% 19
\BOOKMARK [1][-]{section.3.1}{\376\377\000R\000e\000s\000u\000l\000t\000s\000-\0001\000s\000t\000\040\000s\000e\000c\000t\000i\000o\000n}{chapter.3}% 20
\BOOKMARK [1][-]{section.3.2}{\376\377\000R\000e\000s\000u\000l\000t\000s\000-\0002\000n\000d\000\040\000s\000e\000c\000t\000i\000o\000n}{chapter.3}% 21
\BOOKMARK [1][-]{section.3.3}{\376\377\000C\000o\000n\000c\000l\000u\000s\000i\000o\000n}{chapter.3}% 22
\BOOKMARK [1][-]{section.3.4}{\376\377\000A\000p\000p\000e\000n\000d\000i\000x}{chapter.3}% 23
\BOOKMARK [2][-]{subsection.3.4.1}{\376\377\0001\000s\000t\000\040\000p\000a\000r\000t\000\040\000o\000f\000\040\000A\000p\000p\000e\000n\000d\000i\000x}{section.3.4}% 24
\BOOKMARK [0][-]{chapter.4}{\376\377\0002\000n\000d\000\040\000P\000r\000o\000j\000e\000c\000t}{}% 25
\BOOKMARK [0][-]{chapter.5}{\376\377\0003\000r\000d\000\040\000P\000r\000o\000j\000e\000c\000t}{}% 26
\BOOKMARK [0][-]{chapter.6}{\376\377\000C\000o\000n\000c\000l\000u\000s\000i\000o\000n\000\040\000a\000n\000d\000\040\000F\000u\000t\000u\000r\000e\000\040\000W\000o\000r\000k}{}% 27
\BOOKMARK [1][-]{section.6.1}{\376\377\000C\000o\000n\000c\000u\000l\000s\000i\000o\000n}{chapter.6}% 28
\BOOKMARK [2][-]{subsection.6.1.1}{\376\377\0001\000s\000t\000\040\000P\000r\000o\000j\000e\000c\000t}{section.6.1}% 29
\BOOKMARK [2][-]{subsection.6.1.2}{\376\377\0002\000n\000d\000\040\000P\000r\000o\000j\000e\000c\000t}{section.6.1}% 30
\BOOKMARK [2][-]{subsection.6.1.3}{\376\377\0003\000r\000d\000\040\000P\000r\000o\000j\000e\000c\000t}{section.6.1}% 31
\BOOKMARK [1][-]{section.6.2}{\376\377\000F\000u\000t\000u\000r\000e\000\040\000W\000o\000r\000k\000\040\000a\000n\000d\000\040\000C\000h\000a\000l\000l\000e\000n\000g\000e\000s}{chapter.6}% 32
\BOOKMARK [0][-]{section.6.2}{\376\377\000R\000e\000f\000e\000r\000e\000n\000c\000e\000s}{}% 33
\BOOKMARK [0][-]{section*.8}{\376\377\000L\000i\000s\000t\000\040\000o\000f\000\040\000P\000u\000b\000l\000i\000c\000a\000t\000i\000o\000n\000s}{}% 34
